[2025-05-21T00:09:34.377+0000] {taskinstance.py:1157} INFO - Dependencies all met for dep_context=non-requeueable deps ti=<TaskInstance: etl_reddit_pipeline.extract_reddit manual__2025-05-21T00:09:33.776678+00:00 [queued]>
[2025-05-21T00:09:34.381+0000] {taskinstance.py:1157} INFO - Dependencies all met for dep_context=requeueable deps ti=<TaskInstance: etl_reddit_pipeline.extract_reddit manual__2025-05-21T00:09:33.776678+00:00 [queued]>
[2025-05-21T00:09:34.381+0000] {taskinstance.py:1359} INFO - Starting attempt 1 of 1
[2025-05-21T00:09:34.389+0000] {taskinstance.py:1380} INFO - Executing <Task(PythonOperator): extract_reddit> on 2025-05-21 00:09:33.776678+00:00
[2025-05-21T00:09:34.391+0000] {standard_task_runner.py:57} INFO - Started process 59 to run task
[2025-05-21T00:09:34.393+0000] {standard_task_runner.py:84} INFO - Running: ['airflow', 'tasks', 'run', 'etl_reddit_pipeline', 'extract_reddit', 'manual__2025-05-21T00:09:33.776678+00:00', '--job-id', '23', '--raw', '--subdir', 'DAGS_FOLDER/reddit_dag.py', '--cfg-path', '/tmp/tmp2j5418z3']
[2025-05-21T00:09:34.394+0000] {standard_task_runner.py:85} INFO - Job 23: Subtask extract_reddit
[2025-05-21T00:09:34.418+0000] {task_command.py:415} INFO - Running <TaskInstance: etl_reddit_pipeline.extract_reddit manual__2025-05-21T00:09:33.776678+00:00 [running]> on host 0bdedd2b68b9
[2025-05-21T00:09:34.458+0000] {taskinstance.py:1660} INFO - Exporting env vars: AIRFLOW_CTX_DAG_OWNER='Ibrahim' AIRFLOW_CTX_DAG_ID='etl_reddit_pipeline' AIRFLOW_CTX_TASK_ID='extract_reddit' AIRFLOW_CTX_EXECUTION_DATE='2025-05-21T00:09:33.776678+00:00' AIRFLOW_CTX_TRY_NUMBER='1' AIRFLOW_CTX_DAG_RUN_ID='manual__2025-05-21T00:09:33.776678+00:00'
[2025-05-21T00:09:34.460+0000] {logging_mixin.py:151} INFO - Connected to Reddit API successfully.
[2025-05-21T00:09:35.380+0000] {logging_mixin.py:151} INFO - {'comment_limit': 2048, 'comment_sort': 'confidence', '_reddit': <praw.reddit.Reddit object at 0xffff7cbd6d90>, 'approved_at_utc': None, 'subreddit': Subreddit(display_name='dataengineering'), 'selftext': 'Which Editor do you use to write SQL code. And does that differ for the different flavours of SQL.\n\nI nowadays try to use vim dadbod or vscode with extensions.\n\n', 'author_fullname': 't2_1oj0e2xwke', 'saved': False, 'mod_reason_title': None, 'gilded': 0, 'clicked': False, 'title': 'Which SQL editor do you use?', 'link_flair_richtext': [], 'subreddit_name_prefixed': 'r/dataengineering', 'hidden': False, 'pwls': 6, 'link_flair_css_class': '', 'downs': 0, 'thumbnail_height': None, 'top_awarded_type': None, 'hide_score': False, 'name': 't3_1krb45d', 'quarantine': False, 'link_flair_text_color': 'light', 'upvote_ratio': 0.94, 'author_flair_background_color': None, 'subreddit_type': 'public', 'ups': 45, 'total_awards_received': 0, 'media_embed': {}, 'thumbnail_width': None, 'author_flair_template_id': None, 'is_original_content': False, 'user_reports': [], 'secure_media': None, 'is_reddit_media_domain': False, 'is_meta': False, 'category': None, 'secure_media_embed': {}, 'link_flair_text': 'Discussion', 'can_mod_post': False, 'score': 45, 'approved_by': None, 'is_created_from_ads_ui': False, 'author_premium': False, 'thumbnail': 'self', 'edited': False, 'author_flair_css_class': None, 'author_flair_richtext': [], 'gildings': {}, 'content_categories': None, 'is_self': True, 'mod_note': None, 'created': 1747762884.0, 'link_flair_type': 'text', 'wls': 6, 'removed_by_category': None, 'banned_by': None, 'author_flair_type': 'text', 'domain': 'self.dataengineering', 'allow_live_comments': False, 'selftext_html': '<!-- SC_OFF --><div class="md"><p>Which Editor do you use to write SQL code. And does that differ for the different flavours of SQL.</p>\n\n<p>I nowadays try to use vim dadbod or vscode with extensions.</p>\n</div><!-- SC_ON -->', 'likes': None, 'suggested_sort': None, 'banned_at_utc': None, 'view_count': None, 'archived': False, 'no_follow': False, 'is_crosspostable': False, 'pinned': False, 'over_18': False, 'all_awardings': [], 'awarders': [], 'media_only': False, 'link_flair_template_id': '92b74b58-aaca-11eb-b160-0e6181e3773f', 'can_gild': False, 'spoiler': False, 'locked': False, 'author_flair_text': None, 'treatment_tags': [], 'visited': False, 'removed_by': None, 'num_reports': None, 'distinguished': None, 'subreddit_id': 't5_36en4', 'author_is_blocked': False, 'mod_reason_by': None, 'removal_reason': None, 'link_flair_background_color': '#ff4500', 'id': '1krb45d', 'is_robot_indexable': True, 'report_reasons': None, 'author': Redditor(name='Hungry_Ad8053'), 'discussion_type': None, 'num_comments': 86, 'send_replies': True, 'contest_mode': False, 'mod_reports': [], 'author_patreon_flair': False, 'author_flair_text_color': None, 'permalink': '/r/dataengineering/comments/1krb45d/which_sql_editor_do_you_use/', 'stickied': False, 'url': 'https://www.reddit.com/r/dataengineering/comments/1krb45d/which_sql_editor_do_you_use/', 'subreddit_subscribers': 328155, 'created_utc': 1747762884.0, 'num_crossposts': 0, 'media': None, 'is_video': False, '_fetched': False, '_additional_fetch_params': {}, '_comments_by_id': {}}
[2025-05-21T00:09:35.381+0000] {taskinstance.py:1935} ERROR - Task failed with exception
Traceback (most recent call last):
  File "/home/airflow/.local/lib/python3.9/site-packages/airflow/operators/python.py", line 192, in execute
    return_value = self.execute_callable()
  File "/home/airflow/.local/lib/python3.9/site-packages/airflow/operators/python.py", line 209, in execute_callable
    return self.python_callable(*self.op_args, **self.op_kwargs)
  File "/opt/airflow/pipelines/reddit_pipeline.py", line 12, in reddit_pipeline
    posts = extract_posts(instance, subreddit, time_filter, limit)
  File "/opt/airflow/etls/reddit_etl.py", line 21, in extract_posts
    post = {key: post_dict[key] for key in POST_FIELDS}
NameError: name 'POST_FIELDS' is not defined
[2025-05-21T00:09:35.392+0000] {taskinstance.py:1398} INFO - Marking task as FAILED. dag_id=etl_reddit_pipeline, task_id=extract_reddit, execution_date=20250521T000933, start_date=20250521T000934, end_date=20250521T000935
[2025-05-21T00:09:35.402+0000] {standard_task_runner.py:104} ERROR - Failed to execute job 23 for task extract_reddit (name 'POST_FIELDS' is not defined; 59)
[2025-05-21T00:09:35.432+0000] {local_task_job_runner.py:228} INFO - Task exited with return code 1
[2025-05-21T00:09:35.443+0000] {taskinstance.py:2776} INFO - 0 downstream tasks scheduled from follow-on schedule check
