[2025-05-21T03:52:39.392+0000] {taskinstance.py:1157} INFO - Dependencies all met for dep_context=non-requeueable deps ti=<TaskInstance: etl_reddit_pipeline.upload_s3 scheduled__2025-05-20T00:00:00+00:00 [queued]>
[2025-05-21T03:52:39.400+0000] {taskinstance.py:1157} INFO - Dependencies all met for dep_context=requeueable deps ti=<TaskInstance: etl_reddit_pipeline.upload_s3 scheduled__2025-05-20T00:00:00+00:00 [queued]>
[2025-05-21T03:52:39.401+0000] {taskinstance.py:1359} INFO - Starting attempt 1 of 1
[2025-05-21T03:52:39.410+0000] {taskinstance.py:1380} INFO - Executing <Task(PythonOperator): upload_s3> on 2025-05-20 00:00:00+00:00
[2025-05-21T03:52:39.414+0000] {standard_task_runner.py:57} INFO - Started process 55 to run task
[2025-05-21T03:52:39.417+0000] {standard_task_runner.py:84} INFO - Running: ['airflow', 'tasks', 'run', 'etl_reddit_pipeline', 'upload_s3', 'scheduled__2025-05-20T00:00:00+00:00', '--job-id', '5', '--raw', '--subdir', 'DAGS_FOLDER/reddit_dag.py', '--cfg-path', '/tmp/tmpxa0xgz3x']
[2025-05-21T03:52:39.419+0000] {standard_task_runner.py:85} INFO - Job 5: Subtask upload_s3
[2025-05-21T03:52:39.446+0000] {task_command.py:415} INFO - Running <TaskInstance: etl_reddit_pipeline.upload_s3 scheduled__2025-05-20T00:00:00+00:00 [running]> on host db9c13034fd8
[2025-05-21T03:52:39.483+0000] {taskinstance.py:1660} INFO - Exporting env vars: AIRFLOW_CTX_DAG_OWNER='Ibrahim' AIRFLOW_CTX_DAG_ID='etl_reddit_pipeline' AIRFLOW_CTX_TASK_ID='upload_s3' AIRFLOW_CTX_EXECUTION_DATE='2025-05-20T00:00:00+00:00' AIRFLOW_CTX_TRY_NUMBER='1' AIRFLOW_CTX_DAG_RUN_ID='scheduled__2025-05-20T00:00:00+00:00'
[2025-05-21T03:52:40.410+0000] {logging_mixin.py:151} INFO - Error creating bucket: The AWS Access Key Id you provided does not exist in our records.
[2025-05-21T03:52:40.514+0000] {logging_mixin.py:151} INFO - Error uploading file: Access Denied
[2025-05-21T03:52:40.514+0000] {python.py:194} INFO - Done. Returned value was: None
[2025-05-21T03:52:40.519+0000] {taskinstance.py:1398} INFO - Marking task as SUCCESS. dag_id=etl_reddit_pipeline, task_id=upload_s3, execution_date=20250520T000000, start_date=20250521T035239, end_date=20250521T035240
[2025-05-21T03:52:40.549+0000] {local_task_job_runner.py:228} INFO - Task exited with return code 0
[2025-05-21T03:52:40.559+0000] {taskinstance.py:2776} INFO - 0 downstream tasks scheduled from follow-on schedule check
[2025-05-21T04:08:40.770+0000] {taskinstance.py:1157} INFO - Dependencies all met for dep_context=non-requeueable deps ti=<TaskInstance: etl_reddit_pipeline.upload_s3 scheduled__2025-05-20T00:00:00+00:00 [queued]>
[2025-05-21T04:08:40.781+0000] {taskinstance.py:1157} INFO - Dependencies all met for dep_context=requeueable deps ti=<TaskInstance: etl_reddit_pipeline.upload_s3 scheduled__2025-05-20T00:00:00+00:00 [queued]>
[2025-05-21T04:08:40.782+0000] {taskinstance.py:1359} INFO - Starting attempt 1 of 1
[2025-05-21T04:08:40.792+0000] {taskinstance.py:1380} INFO - Executing <Task(PythonOperator): upload_s3> on 2025-05-20 00:00:00+00:00
[2025-05-21T04:08:40.798+0000] {standard_task_runner.py:84} INFO - Running: ['airflow', 'tasks', 'run', 'etl_reddit_pipeline', 'upload_s3', 'scheduled__2025-05-20T00:00:00+00:00', '--job-id', '4', '--raw', '--subdir', 'DAGS_FOLDER/reddit_dag.py', '--cfg-path', '/tmp/tmpha2e7mxp']
[2025-05-21T04:08:40.796+0000] {standard_task_runner.py:57} INFO - Started process 53 to run task
[2025-05-21T04:08:40.800+0000] {standard_task_runner.py:85} INFO - Job 4: Subtask upload_s3
[2025-05-21T04:08:40.830+0000] {task_command.py:415} INFO - Running <TaskInstance: etl_reddit_pipeline.upload_s3 scheduled__2025-05-20T00:00:00+00:00 [running]> on host 5d5a657afb75
[2025-05-21T04:08:40.868+0000] {taskinstance.py:1660} INFO - Exporting env vars: AIRFLOW_CTX_DAG_OWNER='Ibrahim' AIRFLOW_CTX_DAG_ID='etl_reddit_pipeline' AIRFLOW_CTX_TASK_ID='upload_s3' AIRFLOW_CTX_EXECUTION_DATE='2025-05-20T00:00:00+00:00' AIRFLOW_CTX_TRY_NUMBER='1' AIRFLOW_CTX_DAG_RUN_ID='scheduled__2025-05-20T00:00:00+00:00'
[2025-05-21T04:08:41.569+0000] {logging_mixin.py:151} INFO - Bucket reddit-engineering-1 already exists.
[2025-05-21T04:08:47.344+0000] {logging_mixin.py:151} INFO - Error uploading file: Access Denied
[2025-05-21T04:08:47.345+0000] {python.py:194} INFO - Done. Returned value was: None
[2025-05-21T04:08:47.351+0000] {taskinstance.py:1398} INFO - Marking task as SUCCESS. dag_id=etl_reddit_pipeline, task_id=upload_s3, execution_date=20250520T000000, start_date=20250521T040840, end_date=20250521T040847
[2025-05-21T04:08:47.393+0000] {local_task_job_runner.py:228} INFO - Task exited with return code 0
[2025-05-21T04:08:47.407+0000] {taskinstance.py:2776} INFO - 0 downstream tasks scheduled from follow-on schedule check
