[2025-05-21T00:00:01.069+0000] {taskinstance.py:1157} INFO - Dependencies all met for dep_context=non-requeueable deps ti=<TaskInstance: etl_reddit_pipeline.extract_reddit scheduled__2025-05-20T00:00:00+00:00 [queued]>
[2025-05-21T00:00:01.074+0000] {taskinstance.py:1157} INFO - Dependencies all met for dep_context=requeueable deps ti=<TaskInstance: etl_reddit_pipeline.extract_reddit scheduled__2025-05-20T00:00:00+00:00 [queued]>
[2025-05-21T00:00:01.074+0000] {taskinstance.py:1359} INFO - Starting attempt 1 of 1
[2025-05-21T00:00:01.079+0000] {taskinstance.py:1380} INFO - Executing <Task(PythonOperator): extract_reddit> on 2025-05-20 00:00:00+00:00
[2025-05-21T00:00:01.082+0000] {standard_task_runner.py:57} INFO - Started process 45 to run task
[2025-05-21T00:00:01.084+0000] {standard_task_runner.py:84} INFO - Running: ['airflow', 'tasks', 'run', 'etl_reddit_pipeline', 'extract_reddit', 'scheduled__2025-05-20T00:00:00+00:00', '--job-id', '8', '--raw', '--subdir', 'DAGS_FOLDER/reddit_dag.py', '--cfg-path', '/tmp/tmp64i6cn1f']
[2025-05-21T00:00:01.084+0000] {standard_task_runner.py:85} INFO - Job 8: Subtask extract_reddit
[2025-05-21T00:00:01.109+0000] {task_command.py:415} INFO - Running <TaskInstance: etl_reddit_pipeline.extract_reddit scheduled__2025-05-20T00:00:00+00:00 [running]> on host 0bdedd2b68b9
[2025-05-21T00:00:01.144+0000] {taskinstance.py:1660} INFO - Exporting env vars: AIRFLOW_CTX_DAG_OWNER='Ibrahim' AIRFLOW_CTX_DAG_ID='etl_reddit_pipeline' AIRFLOW_CTX_TASK_ID='extract_reddit' AIRFLOW_CTX_EXECUTION_DATE='2025-05-20T00:00:00+00:00' AIRFLOW_CTX_TRY_NUMBER='1' AIRFLOW_CTX_DAG_RUN_ID='scheduled__2025-05-20T00:00:00+00:00'
[2025-05-21T00:00:01.152+0000] {logging_mixin.py:151} INFO - Error connecting to Reddit API: name 'praw' is not defined
[2025-05-21T00:00:01.152+0000] {taskinstance.py:1935} ERROR - Task failed with exception
Traceback (most recent call last):
  File "/home/airflow/.local/lib/python3.9/site-packages/airflow/operators/python.py", line 192, in execute
    return_value = self.execute_callable()
  File "/home/airflow/.local/lib/python3.9/site-packages/airflow/operators/python.py", line 209, in execute_callable
    return self.python_callable(*self.op_args, **self.op_kwargs)
  File "/opt/airflow/pipelines/reddit_pipeline.py", line 12, in reddit_pipeline
    posts = extract_posts(instance, subreddit, time_filter, limit)
  File "/opt/airflow/etls/reddit_etl.py", line 13, in extract_posts
    subreddit = reddit_instance.subreddit(subreddit)
AttributeError: 'NoneType' object has no attribute 'subreddit'
[2025-05-21T00:00:01.157+0000] {taskinstance.py:1398} INFO - Marking task as FAILED. dag_id=etl_reddit_pipeline, task_id=extract_reddit, execution_date=20250520T000000, start_date=20250521T000001, end_date=20250521T000001
[2025-05-21T00:00:01.163+0000] {standard_task_runner.py:104} ERROR - Failed to execute job 8 for task extract_reddit ('NoneType' object has no attribute 'subreddit'; 45)
[2025-05-21T00:00:01.182+0000] {local_task_job_runner.py:228} INFO - Task exited with return code 1
[2025-05-21T00:00:01.191+0000] {taskinstance.py:2776} INFO - 0 downstream tasks scheduled from follow-on schedule check
[2025-05-21T03:52:37.472+0000] {taskinstance.py:1157} INFO - Dependencies all met for dep_context=non-requeueable deps ti=<TaskInstance: etl_reddit_pipeline.extract_reddit scheduled__2025-05-20T00:00:00+00:00 [queued]>
[2025-05-21T03:52:37.479+0000] {taskinstance.py:1157} INFO - Dependencies all met for dep_context=requeueable deps ti=<TaskInstance: etl_reddit_pipeline.extract_reddit scheduled__2025-05-20T00:00:00+00:00 [queued]>
[2025-05-21T03:52:37.480+0000] {taskinstance.py:1359} INFO - Starting attempt 1 of 1
[2025-05-21T03:52:37.490+0000] {taskinstance.py:1380} INFO - Executing <Task(PythonOperator): extract_reddit> on 2025-05-20 00:00:00+00:00
[2025-05-21T03:52:37.493+0000] {standard_task_runner.py:57} INFO - Started process 49 to run task
[2025-05-21T03:52:37.495+0000] {standard_task_runner.py:84} INFO - Running: ['airflow', 'tasks', 'run', 'etl_reddit_pipeline', 'extract_reddit', 'scheduled__2025-05-20T00:00:00+00:00', '--job-id', '2', '--raw', '--subdir', 'DAGS_FOLDER/reddit_dag.py', '--cfg-path', '/tmp/tmpf_02lstm']
[2025-05-21T03:52:37.498+0000] {standard_task_runner.py:85} INFO - Job 2: Subtask extract_reddit
[2025-05-21T03:52:37.525+0000] {task_command.py:415} INFO - Running <TaskInstance: etl_reddit_pipeline.extract_reddit scheduled__2025-05-20T00:00:00+00:00 [running]> on host db9c13034fd8
[2025-05-21T03:52:37.564+0000] {taskinstance.py:1660} INFO - Exporting env vars: AIRFLOW_CTX_DAG_OWNER='Ibrahim' AIRFLOW_CTX_DAG_ID='etl_reddit_pipeline' AIRFLOW_CTX_TASK_ID='extract_reddit' AIRFLOW_CTX_EXECUTION_DATE='2025-05-20T00:00:00+00:00' AIRFLOW_CTX_TRY_NUMBER='1' AIRFLOW_CTX_DAG_RUN_ID='scheduled__2025-05-20T00:00:00+00:00'
[2025-05-21T03:52:37.673+0000] {logging_mixin.py:151} INFO - Connected to Reddit API successfully.
[2025-05-21T03:52:38.689+0000] {logging_mixin.py:151} INFO - Data loaded to /opt/airflow/data/output/reddit_2025-05-21.csv successfully.
[2025-05-21T03:52:38.690+0000] {python.py:194} INFO - Done. Returned value was: /opt/airflow/data/output/reddit_2025-05-21.csv
[2025-05-21T03:52:38.710+0000] {taskinstance.py:1398} INFO - Marking task as SUCCESS. dag_id=etl_reddit_pipeline, task_id=extract_reddit, execution_date=20250520T000000, start_date=20250521T035237, end_date=20250521T035238
[2025-05-21T03:52:38.747+0000] {local_task_job_runner.py:228} INFO - Task exited with return code 0
[2025-05-21T03:52:38.764+0000] {taskinstance.py:2776} INFO - 1 downstream tasks scheduled from follow-on schedule check
[2025-05-21T04:08:38.727+0000] {taskinstance.py:1157} INFO - Dependencies all met for dep_context=non-requeueable deps ti=<TaskInstance: etl_reddit_pipeline.extract_reddit scheduled__2025-05-20T00:00:00+00:00 [queued]>
[2025-05-21T04:08:38.734+0000] {taskinstance.py:1157} INFO - Dependencies all met for dep_context=requeueable deps ti=<TaskInstance: etl_reddit_pipeline.extract_reddit scheduled__2025-05-20T00:00:00+00:00 [queued]>
[2025-05-21T04:08:38.734+0000] {taskinstance.py:1359} INFO - Starting attempt 1 of 1
[2025-05-21T04:08:38.744+0000] {taskinstance.py:1380} INFO - Executing <Task(PythonOperator): extract_reddit> on 2025-05-20 00:00:00+00:00
[2025-05-21T04:08:38.748+0000] {standard_task_runner.py:57} INFO - Started process 48 to run task
[2025-05-21T04:08:38.749+0000] {standard_task_runner.py:84} INFO - Running: ['airflow', 'tasks', 'run', 'etl_reddit_pipeline', 'extract_reddit', 'scheduled__2025-05-20T00:00:00+00:00', '--job-id', '2', '--raw', '--subdir', 'DAGS_FOLDER/reddit_dag.py', '--cfg-path', '/tmp/tmpq8ocwe3a']
[2025-05-21T04:08:38.751+0000] {standard_task_runner.py:85} INFO - Job 2: Subtask extract_reddit
[2025-05-21T04:08:38.783+0000] {task_command.py:415} INFO - Running <TaskInstance: etl_reddit_pipeline.extract_reddit scheduled__2025-05-20T00:00:00+00:00 [running]> on host 5d5a657afb75
[2025-05-21T04:08:38.819+0000] {taskinstance.py:1660} INFO - Exporting env vars: AIRFLOW_CTX_DAG_OWNER='Ibrahim' AIRFLOW_CTX_DAG_ID='etl_reddit_pipeline' AIRFLOW_CTX_TASK_ID='extract_reddit' AIRFLOW_CTX_EXECUTION_DATE='2025-05-20T00:00:00+00:00' AIRFLOW_CTX_TRY_NUMBER='1' AIRFLOW_CTX_DAG_RUN_ID='scheduled__2025-05-20T00:00:00+00:00'
[2025-05-21T04:08:38.870+0000] {logging_mixin.py:151} INFO - Connected to Reddit API successfully.
[2025-05-21T04:08:39.577+0000] {logging_mixin.py:151} INFO - Data loaded to /opt/airflow/data/output/reddit_2025-05-21.csv successfully.
[2025-05-21T04:08:39.578+0000] {python.py:194} INFO - Done. Returned value was: /opt/airflow/data/output/reddit_2025-05-21.csv
[2025-05-21T04:08:39.592+0000] {taskinstance.py:1398} INFO - Marking task as SUCCESS. dag_id=etl_reddit_pipeline, task_id=extract_reddit, execution_date=20250520T000000, start_date=20250521T040838, end_date=20250521T040839
[2025-05-21T04:08:39.625+0000] {local_task_job_runner.py:228} INFO - Task exited with return code 0
[2025-05-21T04:08:39.644+0000] {taskinstance.py:2776} INFO - 1 downstream tasks scheduled from follow-on schedule check
